2025-03-03 07:05:46 info: Server running in undefined mode on port 3000
2025-03-03 07:05:46 info: MySQL Database connected to undefined:undefined
2025-03-03 07:05:46 info: MySQL Database connected to undefined:undefined
2025-03-03 07:06:32 info: Server running in undefined mode on port 3000
2025-03-03 07:06:32 info: MySQL Database connected to undefined:undefined
2025-03-03 07:06:32 info: MySQL Database connected to undefined:undefined
2025-03-03 15:42:53 info: Server running in undefined mode on port 3000
2025-03-03 15:42:53 info: MySQL Database connected to undefined:undefined
2025-03-03 15:42:53 info: MySQL Database connected to undefined:undefined
2025-03-03 15:44:26 info: MySQL Database connected to undefined:undefined
2025-03-03 15:46:50 info: Server running in undefined mode on port 3000
2025-03-03 15:46:50 info: MySQL Database connected to undefined:undefined
2025-03-03 15:46:50 info: MySQL Database connected to undefined:undefined
2025-03-03 15:50:29 info: Server running in development mode on port 3000
2025-03-03 15:50:29 error: Database connection failed:
2025-03-03 16:14:39 info: Server running in development mode on port 3000
2025-03-03 16:14:39 error: Database connection failed:
2025-03-03 16:20:13 info: Server running in development mode on port 3000
2025-03-03 16:20:13 error: Database connection failed:
2025-03-03 16:28:57 info: Server running in development mode on port 3000
2025-03-03 16:28:57 info: MySQL Database connected to localhost:airline_transportation
2025-03-03 16:28:57 info: MySQL Database connected to localhost:airline_transportation
2025-03-03 16:31:44 info: Server running in development mode on port 3000
2025-03-03 16:31:44 info: MySQL Database connected to localhost:airline_transportation
2025-03-03 16:31:44 info: MySQL Database connected to localhost:airline_transportation
