2025-03-31 05:34:19 error: Test setup failed:
2025-03-31 05:34:19 error: Invalid credentials
2025-03-31 05:34:19 error: Invalid credentials
2025-03-31 05:34:19 error: Not authorized to access this route
2025-03-31 05:34:19 error: Not authorized to access this route
2025-03-31 05:34:19 error: Test teardown failed:
2025-04-01 18:18:12 error: Not authorized to access these tickets
2025-04-01 18:18:35 error: Not authorized to access these tickets
2025-04-01 18:19:13 error: Not authorized to access these tickets
2025-04-01 18:21:11 error: Not authorized to access these tickets
2025-04-01 18:21:33 error: Not authorized to access these tickets
2025-04-01 18:21:43 error: Not authorized to access these tickets
2025-04-01 18:34:16 error: Not authorized to access these tickets
2025-04-01 18:40:04 error: Not authorized to access these tickets
2025-04-01 18:50:41 error: Not authorized to access these tickets
2025-04-01 18:50:55 error: Not authorized to access these tickets
2025-04-01 18:51:30 error: Not authorized to access these tickets
2025-04-01 18:52:30 error: Unknown column 'f.price' in 'SELECT'
2025-04-01 18:52:34 error: Unknown column 'f.price' in 'SELECT'
2025-04-01 18:56:38 error: Not authorized to access these tickets
2025-04-01 19:00:52 error: Not authorized to access this route
2025-04-01 19:26:19 error: Not authorized to access these tickets
2025-04-01 19:26:26 error: Not authorized to access these tickets
2025-04-01 19:30:00 error: Not authorized to access these tickets
2025-04-01 19:30:58 error: Not authorized to access these tickets
2025-04-04 19:07:11 error: Unknown column 'updated_at' in 'SET'
2025-04-04 19:08:40 error: Unknown column 'updated_at' in 'SET'
2025-04-04 19:09:59 error: You have an error in your SQL syntax; check the manual that corresponds to your MariaDB server version for the right syntax to use near 'WHERE flight_id = '2'' at line 11
2025-04-05 15:18:59 error: User role 'worker' is not authorized to access this route
2025-04-05 15:50:13 error: Invalid credentials
2025-04-05 15:50:30 error: Invalid credentials
2025-04-05 15:50:50 error: Invalid credentials
2025-04-05 15:52:32 error: Invalid credentials
2025-04-05 15:57:25 error: Unknown column 'a.created_at' in 'SELECT'
2025-04-05 16:02:08 error: Aircraft not found with id of undefined
2025-04-05 18:55:05 error: Aircraft not found with id of undefined
2025-04-05 18:59:15 error: Aircraft not found with id of undefined
2025-04-05 21:40:25 error: Invalid credentials
2025-04-07 16:16:04 error: Invalid credentials
2025-04-07 16:16:41 error: Crew is not defined
2025-04-07 16:17:00 error: Crew is not defined
2025-04-07 16:17:09 error: Crew is not defined
2025-04-07 16:25:27 error: Invalid payment status
2025-04-07 16:47:57 error: Unknown column 'name' in 'SELECT'
2025-04-07 16:47:57 error: Flight not found with id of lookup
2025-04-07 16:49:17 error: Flight not found with id of lookup
2025-04-07 16:51:41 error: Not authorized to access this route
2025-04-07 17:35:47 error: Unknown column 't_flight_id' in 'SELECT'
2025-04-07 17:36:06 error: Unknown column 't_flight_id' in 'SELECT'
2025-04-08 17:03:36 error: Flight is already canceled
2025-04-08 17:12:16 error: Not authorized to access this route
2025-04-08 18:09:28 error: Not authorized to access this route
2025-04-08 18:15:36 error: Not authorized to access this route
2025-04-08 18:20:49 error: Not authorized to access this route
2025-04-08 18:23:00 error: Not authorized to access this route
2025-04-08 18:24:08 error: Please provide email and password
2025-04-08 18:24:31 error: Please provide email and password
2025-04-08 18:24:44 error: Please provide email and password
2025-04-08 18:26:06 error: Please provide email and password
2025-04-08 18:27:11 error: Please provide email and password
2025-04-08 18:27:27 error: Please provide email and password
2025-04-08 18:27:29 error: Please provide email and password
2025-04-08 18:27:45 error: Please provide email and password
2025-04-08 18:27:48 error: Please provide email and password
2025-04-08 19:36:05 error: Flight is already canceled
